<?xml version="1.0" encoding="UTF-8"?>
<coverage generated="1732294944562" clover="3.2.0">
  <project timestamp="1732294944562" name="All files">
    <metrics statements="15" coveredstatements="15" conditionals="6" coveredconditionals="6" methods="3" coveredmethods="3" elements="24" coveredelements="24" complexity="0" loc="15" ncloc="15" packages="1" files="2" classes="2"/>
    <file name="acceptedCoord.js" path="C:\Users\henry\OneDrive\Documents\GitHub\softwareEnginAssign\FunctionTests\acceptedCoord.js">
      <metrics statements="8" coveredstatements="8" conditionals="6" coveredconditionals="6" methods="1" coveredmethods="1"/>
      <line num="2" count="4" type="stmt"/>
      <line num="3" count="4" type="stmt"/>
      <line num="4" count="4" type="cond" truecount="2" falsecount="0"/>
      <line num="5" count="2" type="stmt"/>
      <line num="7" count="4" type="cond" truecount="2" falsecount="0"/>
      <line num="8" count="3" type="stmt"/>
      <line num="10" count="4" type="cond" truecount="2" falsecount="0"/>
      <line num="13" count="1" type="stmt"/>
    </file>
    <file name="verifyUser.js" path="C:\Users\henry\OneDrive\Documents\GitHub\softwareEnginAssign\FunctionTests\verifyUser.js">
      <metrics statements="7" coveredstatements="7" conditionals="0" coveredconditionals="0" methods="2" coveredmethods="2"/>
      <line num="2" count="2" type="stmt"/>
      <line num="3" count="2" type="stmt"/>
      <line num="4" count="2" type="stmt"/>
      <line num="5" count="2" type="stmt"/>
      <line num="7" count="2" type="stmt"/>
      <line num="11" count="2" type="stmt"/>
      <line num="14" count="1" type="stmt"/>
    </file>
  </project>
</coverage>
